Determining if the pthread_create exist failed with the following output:
Change Dir: /home/ydm/Codes/ZedDriver/build/CMakeFiles/CMakeTmp

Run Build Command:"/usr/bin/make" "cmTC_5bf79/fast"
/usr/bin/make -f CMakeFiles/cmTC_5bf79.dir/build.make CMakeFiles/cmTC_5bf79.dir/build
make[1]: 进入目录“/home/ydm/Codes/ZedDriver/build/CMakeFiles/CMakeTmp”
Building C object CMakeFiles/cmTC_5bf79.dir/CheckSymbolExists.c.o
/usr/bin/cc    -o CMakeFiles/cmTC_5bf79.dir/CheckSymbolExists.c.o   -c /home/ydm/Codes/ZedDriver/build/CMakeFiles/CMakeTmp/CheckSymbolExists.c
Linking C executable cmTC_5bf79
/usr/bin/cmake -E cmake_link_script CMakeFiles/cmTC_5bf79.dir/link.txt --verbose=1
/usr/bin/cc      -rdynamic CMakeFiles/cmTC_5bf79.dir/CheckSymbolExists.c.o  -o cmTC_5bf79 
CMakeFiles/cmTC_5bf79.dir/CheckSymbolExists.c.o：在函数‘main’中：
CheckSymbolExists.c:(.text+0x1b)：对‘pthread_create’未定义的引用
collect2: error: ld returned 1 exit status
CMakeFiles/cmTC_5bf79.dir/build.make:97: recipe for target 'cmTC_5bf79' failed
make[1]: *** [cmTC_5bf79] Error 1
make[1]: 离开目录“/home/ydm/Codes/ZedDriver/build/CMakeFiles/CMakeTmp”
Makefile:126: recipe for target 'cmTC_5bf79/fast' failed
make: *** [cmTC_5bf79/fast] Error 2

File /home/ydm/Codes/ZedDriver/build/CMakeFiles/CMakeTmp/CheckSymbolExists.c:
/* */
#include <pthread.h>

int main(int argc, char** argv)
{
  (void)argv;
#ifndef pthread_create
  return ((int*)(&pthread_create))[argc];
#else
  (void)argc;
  return 0;
#endif
}

Determining if the function pthread_create exists in the pthreads failed with the following output:
Change Dir: /home/ydm/Codes/ZedDriver/build/CMakeFiles/CMakeTmp

Run Build Command:"/usr/bin/make" "cmTC_02abd/fast"
/usr/bin/make -f CMakeFiles/cmTC_02abd.dir/build.make CMakeFiles/cmTC_02abd.dir/build
make[1]: 进入目录“/home/ydm/Codes/ZedDriver/build/CMakeFiles/CMakeTmp”
Building C object CMakeFiles/cmTC_02abd.dir/CheckFunctionExists.c.o
/usr/bin/cc   -DCHECK_FUNCTION_EXISTS=pthread_create   -o CMakeFiles/cmTC_02abd.dir/CheckFunctionExists.c.o   -c /usr/share/cmake-3.10/Modules/CheckFunctionExists.c
Linking C executable cmTC_02abd
/usr/bin/cmake -E cmake_link_script CMakeFiles/cmTC_02abd.dir/link.txt --verbose=1
/usr/bin/cc  -DCHECK_FUNCTION_EXISTS=pthread_create    -rdynamic CMakeFiles/cmTC_02abd.dir/CheckFunctionExists.c.o  -o cmTC_02abd -lpthreads 
/usr/bin/ld: 找不到 -lpthreads
collect2: error: ld returned 1 exit status
CMakeFiles/cmTC_02abd.dir/build.make:97: recipe for target 'cmTC_02abd' failed
make[1]: *** [cmTC_02abd] Error 1
make[1]: 离开目录“/home/ydm/Codes/ZedDriver/build/CMakeFiles/CMakeTmp”
Makefile:126: recipe for target 'cmTC_02abd/fast' failed
make: *** [cmTC_02abd/fast] Error 2


